<?xml version="1.0" encoding="UTF-8"?>
<testsuite xmlns:xsi="http://www.w3.org/2001/XMLSchema-instance" xsi:noNamespaceSchemaLocation="https://maven.apache.org/surefire/maven-surefire-plugin/xsd/surefire-test-report.xsd" name="com.funnyx.SpringNacosApplicationTests" time="13.196" tests="1" errors="0" skipped="0" failures="0">
  <properties>
    <property name="gopherProxySet" value="false"/>
    <property name="awt.toolkit" value="sun.lwawt.macosx.LWCToolkit"/>
    <property name="file.encoding.pkg" value="sun.io"/>
    <property name="java.specification.version" value="1.8"/>
    <property name="sun.cpu.isalist" value=""/>
    <property name="sun.jnu.encoding" value="UTF-8"/>
    <property name="java.class.path" value="/Users/mac/idea-workspace/springbucket/spring-nacos/target/test-classes:/Users/mac/idea-workspace/springbucket/spring-nacos/target/classes:/Users/mac/apache-maven-3.6.1/repository/org/springframework/boot/spring-boot-starter-web/2.1.6.RELEASE/spring-boot-starter-web-2.1.6.RELEASE.jar:/Users/mac/apache-maven-3.6.1/repository/org/springframework/boot/spring-boot-starter/2.1.6.RELEASE/spring-boot-starter-2.1.6.RELEASE.jar:/Users/mac/apache-maven-3.6.1/repository/org/springframework/boot/spring-boot/2.1.6.RELEASE/spring-boot-2.1.6.RELEASE.jar:/Users/mac/apache-maven-3.6.1/repository/org/springframework/boot/spring-boot-autoconfigure/2.1.6.RELEASE/spring-boot-autoconfigure-2.1.6.RELEASE.jar:/Users/mac/apache-maven-3.6.1/repository/org/springframework/boot/spring-boot-starter-logging/2.1.6.RELEASE/spring-boot-starter-logging-2.1.6.RELEASE.jar:/Users/mac/apache-maven-3.6.1/repository/ch/qos/logback/logback-classic/1.2.3/logback-classic-1.2.3.jar:/Users/mac/apache-maven-3.6.1/repository/ch/qos/logback/logback-core/1.2.3/logback-core-1.2.3.jar:/Users/mac/apache-maven-3.6.1/repository/org/apache/logging/log4j/log4j-to-slf4j/2.11.2/log4j-to-slf4j-2.11.2.jar:/Users/mac/apache-maven-3.6.1/repository/org/apache/logging/log4j/log4j-api/2.11.2/log4j-api-2.11.2.jar:/Users/mac/apache-maven-3.6.1/repository/org/slf4j/jul-to-slf4j/1.7.26/jul-to-slf4j-1.7.26.jar:/Users/mac/apache-maven-3.6.1/repository/javax/annotation/javax.annotation-api/1.3.2/javax.annotation-api-1.3.2.jar:/Users/mac/apache-maven-3.6.1/repository/org/yaml/snakeyaml/1.23/snakeyaml-1.23.jar:/Users/mac/apache-maven-3.6.1/repository/org/springframework/boot/spring-boot-starter-json/2.1.6.RELEASE/spring-boot-starter-json-2.1.6.RELEASE.jar:/Users/mac/apache-maven-3.6.1/repository/com/fasterxml/jackson/core/jackson-databind/2.9.9/jackson-databind-2.9.9.jar:/Users/mac/apache-maven-3.6.1/repository/com/fasterxml/jackson/core/jackson-annotations/2.9.0/jackson-annotations-2.9.0.jar:/Users/mac/apache-maven-3.6.1/repository/com/fasterxml/jackson/core/jackson-core/2.9.9/jackson-core-2.9.9.jar:/Users/mac/apache-maven-3.6.1/repository/com/fasterxml/jackson/datatype/jackson-datatype-jdk8/2.9.9/jackson-datatype-jdk8-2.9.9.jar:/Users/mac/apache-maven-3.6.1/repository/com/fasterxml/jackson/datatype/jackson-datatype-jsr310/2.9.9/jackson-datatype-jsr310-2.9.9.jar:/Users/mac/apache-maven-3.6.1/repository/com/fasterxml/jackson/module/jackson-module-parameter-names/2.9.9/jackson-module-parameter-names-2.9.9.jar:/Users/mac/apache-maven-3.6.1/repository/org/springframework/boot/spring-boot-starter-tomcat/2.1.6.RELEASE/spring-boot-starter-tomcat-2.1.6.RELEASE.jar:/Users/mac/apache-maven-3.6.1/repository/org/apache/tomcat/embed/tomcat-embed-core/9.0.21/tomcat-embed-core-9.0.21.jar:/Users/mac/apache-maven-3.6.1/repository/org/apache/tomcat/embed/tomcat-embed-el/9.0.21/tomcat-embed-el-9.0.21.jar:/Users/mac/apache-maven-3.6.1/repository/org/apache/tomcat/embed/tomcat-embed-websocket/9.0.21/tomcat-embed-websocket-9.0.21.jar:/Users/mac/apache-maven-3.6.1/repository/org/hibernate/validator/hibernate-validator/6.0.17.Final/hibernate-validator-6.0.17.Final.jar:/Users/mac/apache-maven-3.6.1/repository/javax/validation/validation-api/2.0.1.Final/validation-api-2.0.1.Final.jar:/Users/mac/apache-maven-3.6.1/repository/org/jboss/logging/jboss-logging/3.3.2.Final/jboss-logging-3.3.2.Final.jar:/Users/mac/apache-maven-3.6.1/repository/com/fasterxml/classmate/1.4.0/classmate-1.4.0.jar:/Users/mac/apache-maven-3.6.1/repository/org/springframework/spring-web/5.1.8.RELEASE/spring-web-5.1.8.RELEASE.jar:/Users/mac/apache-maven-3.6.1/repository/org/springframework/spring-beans/5.1.8.RELEASE/spring-beans-5.1.8.RELEASE.jar:/Users/mac/apache-maven-3.6.1/repository/org/springframework/spring-webmvc/5.1.8.RELEASE/spring-webmvc-5.1.8.RELEASE.jar:/Users/mac/apache-maven-3.6.1/repository/org/springframework/spring-aop/5.1.8.RELEASE/spring-aop-5.1.8.RELEASE.jar:/Users/mac/apache-maven-3.6.1/repository/org/springframework/spring-context/5.1.8.RELEASE/spring-context-5.1.8.RELEASE.jar:/Users/mac/apache-maven-3.6.1/repository/org/springframework/spring-expression/5.1.8.RELEASE/spring-expression-5.1.8.RELEASE.jar:/Users/mac/apache-maven-3.6.1/repository/org/projectlombok/lombok/1.18.8/lombok-1.18.8.jar:/Users/mac/apache-maven-3.6.1/repository/org/springframework/boot/spring-boot-starter-test/2.1.6.RELEASE/spring-boot-starter-test-2.1.6.RELEASE.jar:/Users/mac/apache-maven-3.6.1/repository/org/springframework/boot/spring-boot-test/2.1.6.RELEASE/spring-boot-test-2.1.6.RELEASE.jar:/Users/mac/apache-maven-3.6.1/repository/org/springframework/boot/spring-boot-test-autoconfigure/2.1.6.RELEASE/spring-boot-test-autoconfigure-2.1.6.RELEASE.jar:/Users/mac/apache-maven-3.6.1/repository/com/jayway/jsonpath/json-path/2.4.0/json-path-2.4.0.jar:/Users/mac/apache-maven-3.6.1/repository/net/minidev/json-smart/2.3/json-smart-2.3.jar:/Users/mac/apache-maven-3.6.1/repository/net/minidev/accessors-smart/1.2/accessors-smart-1.2.jar:/Users/mac/apache-maven-3.6.1/repository/org/ow2/asm/asm/5.0.4/asm-5.0.4.jar:/Users/mac/apache-maven-3.6.1/repository/org/slf4j/slf4j-api/1.7.26/slf4j-api-1.7.26.jar:/Users/mac/apache-maven-3.6.1/repository/junit/junit/4.12/junit-4.12.jar:/Users/mac/apache-maven-3.6.1/repository/org/assertj/assertj-core/3.11.1/assertj-core-3.11.1.jar:/Users/mac/apache-maven-3.6.1/repository/org/mockito/mockito-core/2.23.4/mockito-core-2.23.4.jar:/Users/mac/apache-maven-3.6.1/repository/net/bytebuddy/byte-buddy/1.9.13/byte-buddy-1.9.13.jar:/Users/mac/apache-maven-3.6.1/repository/net/bytebuddy/byte-buddy-agent/1.9.13/byte-buddy-agent-1.9.13.jar:/Users/mac/apache-maven-3.6.1/repository/org/objenesis/objenesis/2.6/objenesis-2.6.jar:/Users/mac/apache-maven-3.6.1/repository/org/hamcrest/hamcrest-core/1.3/hamcrest-core-1.3.jar:/Users/mac/apache-maven-3.6.1/repository/org/hamcrest/hamcrest-library/1.3/hamcrest-library-1.3.jar:/Users/mac/apache-maven-3.6.1/repository/org/skyscreamer/jsonassert/1.5.0/jsonassert-1.5.0.jar:/Users/mac/apache-maven-3.6.1/repository/com/vaadin/external/google/android-json/0.0.20131108.vaadin1/android-json-0.0.20131108.vaadin1.jar:/Users/mac/apache-maven-3.6.1/repository/org/springframework/spring-core/5.1.8.RELEASE/spring-core-5.1.8.RELEASE.jar:/Users/mac/apache-maven-3.6.1/repository/org/springframework/spring-jcl/5.1.8.RELEASE/spring-jcl-5.1.8.RELEASE.jar:/Users/mac/apache-maven-3.6.1/repository/org/springframework/spring-test/5.1.8.RELEASE/spring-test-5.1.8.RELEASE.jar:/Users/mac/apache-maven-3.6.1/repository/org/xmlunit/xmlunit-core/2.6.2/xmlunit-core-2.6.2.jar:/Users/mac/apache-maven-3.6.1/repository/org/springframework/cloud/spring-cloud-starter-alibaba-nacos-discovery/0.9.0.RELEASE/spring-cloud-starter-alibaba-nacos-discovery-0.9.0.RELEASE.jar:/Users/mac/apache-maven-3.6.1/repository/org/springframework/cloud/spring-cloud-alibaba-nacos-discovery/0.9.0.RELEASE/spring-cloud-alibaba-nacos-discovery-0.9.0.RELEASE.jar:/Users/mac/apache-maven-3.6.1/repository/com/alibaba/nacos/nacos-client/1.0.0/nacos-client-1.0.0.jar:/Users/mac/apache-maven-3.6.1/repository/com/alibaba/nacos/nacos-common/1.0.0/nacos-common-1.0.0.jar:/Users/mac/apache-maven-3.6.1/repository/commons-io/commons-io/2.2/commons-io-2.2.jar:/Users/mac/apache-maven-3.6.1/repository/org/apache/commons/commons-lang3/3.8.1/commons-lang3-3.8.1.jar:/Users/mac/apache-maven-3.6.1/repository/com/alibaba/nacos/nacos-api/1.0.0/nacos-api-1.0.0.jar:/Users/mac/apache-maven-3.6.1/repository/com/alibaba/fastjson/1.2.47/fastjson-1.2.47.jar:/Users/mac/apache-maven-3.6.1/repository/com/google/guava/guava/19.0/guava-19.0.jar:/Users/mac/apache-maven-3.6.1/repository/commons-codec/commons-codec/1.11/commons-codec-1.11.jar:/Users/mac/apache-maven-3.6.1/repository/io/prometheus/simpleclient/0.5.0/simpleclient-0.5.0.jar:/Users/mac/apache-maven-3.6.1/repository/org/springframework/cloud/spring-cloud-commons/2.1.2.RELEASE/spring-cloud-commons-2.1.2.RELEASE.jar:/Users/mac/apache-maven-3.6.1/repository/org/springframework/security/spring-security-crypto/5.1.5.RELEASE/spring-security-crypto-5.1.5.RELEASE.jar:/Users/mac/apache-maven-3.6.1/repository/org/springframework/cloud/spring-cloud-context/2.1.2.RELEASE/spring-cloud-context-2.1.2.RELEASE.jar:/Users/mac/apache-maven-3.6.1/repository/org/springframework/cloud/spring-cloud-starter-netflix-ribbon/2.1.2.RELEASE/spring-cloud-starter-netflix-ribbon-2.1.2.RELEASE.jar:/Users/mac/apache-maven-3.6.1/repository/org/springframework/cloud/spring-cloud-starter/2.1.2.RELEASE/spring-cloud-starter-2.1.2.RELEASE.jar:/Users/mac/apache-maven-3.6.1/repository/org/springframework/security/spring-security-rsa/1.0.7.RELEASE/spring-security-rsa-1.0.7.RELEASE.jar:/Users/mac/apache-maven-3.6.1/repository/org/bouncycastle/bcpkix-jdk15on/1.60/bcpkix-jdk15on-1.60.jar:/Users/mac/apache-maven-3.6.1/repository/org/bouncycastle/bcprov-jdk15on/1.60/bcprov-jdk15on-1.60.jar:/Users/mac/apache-maven-3.6.1/repository/org/springframework/cloud/spring-cloud-netflix-ribbon/2.1.2.RELEASE/spring-cloud-netflix-ribbon-2.1.2.RELEASE.jar:/Users/mac/apache-maven-3.6.1/repository/org/springframework/cloud/spring-cloud-netflix-archaius/2.1.2.RELEASE/spring-cloud-netflix-archaius-2.1.2.RELEASE.jar:/Users/mac/apache-maven-3.6.1/repository/org/springframework/cloud/spring-cloud-starter-netflix-archaius/2.1.2.RELEASE/spring-cloud-starter-netflix-archaius-2.1.2.RELEASE.jar:/Users/mac/apache-maven-3.6.1/repository/com/netflix/archaius/archaius-core/0.7.6/archaius-core-0.7.6.jar:/Users/mac/apache-maven-3.6.1/repository/com/google/code/findbugs/jsr305/3.0.1/jsr305-3.0.1.jar:/Users/mac/apache-maven-3.6.1/repository/commons-configuration/commons-configuration/1.8/commons-configuration-1.8.jar:/Users/mac/apache-maven-3.6.1/repository/com/netflix/ribbon/ribbon/2.3.0/ribbon-2.3.0.jar:/Users/mac/apache-maven-3.6.1/repository/com/netflix/ribbon/ribbon-transport/2.3.0/ribbon-transport-2.3.0.jar:/Users/mac/apache-maven-3.6.1/repository/io/reactivex/rxnetty-contexts/0.4.9/rxnetty-contexts-0.4.9.jar:/Users/mac/apache-maven-3.6.1/repository/io/reactivex/rxnetty-servo/0.4.9/rxnetty-servo-0.4.9.jar:/Users/mac/apache-maven-3.6.1/repository/com/netflix/hystrix/hystrix-core/1.5.18/hystrix-core-1.5.18.jar:/Users/mac/apache-maven-3.6.1/repository/org/hdrhistogram/HdrHistogram/2.1.9/HdrHistogram-2.1.9.jar:/Users/mac/apache-maven-3.6.1/repository/javax/inject/javax.inject/1/javax.inject-1.jar:/Users/mac/apache-maven-3.6.1/repository/io/reactivex/rxnetty/0.4.9/rxnetty-0.4.9.jar:/Users/mac/apache-maven-3.6.1/repository/com/netflix/ribbon/ribbon-core/2.3.0/ribbon-core-2.3.0.jar:/Users/mac/apache-maven-3.6.1/repository/commons-lang/commons-lang/2.6/commons-lang-2.6.jar:/Users/mac/apache-maven-3.6.1/repository/com/netflix/ribbon/ribbon-httpclient/2.3.0/ribbon-httpclient-2.3.0.jar:/Users/mac/apache-maven-3.6.1/repository/commons-collections/commons-collections/3.2.2/commons-collections-3.2.2.jar:/Users/mac/apache-maven-3.6.1/repository/org/apache/httpcomponents/httpclient/4.5.9/httpclient-4.5.9.jar:/Users/mac/apache-maven-3.6.1/repository/org/apache/httpcomponents/httpcore/4.4.11/httpcore-4.4.11.jar:/Users/mac/apache-maven-3.6.1/repository/com/sun/jersey/jersey-client/1.19.1/jersey-client-1.19.1.jar:/Users/mac/apache-maven-3.6.1/repository/com/sun/jersey/jersey-core/1.19.1/jersey-core-1.19.1.jar:/Users/mac/apache-maven-3.6.1/repository/javax/ws/rs/jsr311-api/1.1.1/jsr311-api-1.1.1.jar:/Users/mac/apache-maven-3.6.1/repository/com/sun/jersey/contribs/jersey-apache-client4/1.19.1/jersey-apache-client4-1.19.1.jar:/Users/mac/apache-maven-3.6.1/repository/com/netflix/servo/servo-core/0.12.21/servo-core-0.12.21.jar:/Users/mac/apache-maven-3.6.1/repository/com/netflix/netflix-commons/netflix-commons-util/0.3.0/netflix-commons-util-0.3.0.jar:/Users/mac/apache-maven-3.6.1/repository/com/netflix/ribbon/ribbon-loadbalancer/2.3.0/ribbon-loadbalancer-2.3.0.jar:/Users/mac/apache-maven-3.6.1/repository/com/netflix/netflix-commons/netflix-statistics/0.1.1/netflix-statistics-0.1.1.jar:/Users/mac/apache-maven-3.6.1/repository/io/reactivex/rxjava/1.3.8/rxjava-1.3.8.jar:/Users/mac/apache-maven-3.6.1/repository/org/springframework/cloud/spring-cloud-starter-alibaba-nacos-config/0.9.0.RELEASE/spring-cloud-starter-alibaba-nacos-config-0.9.0.RELEASE.jar:/Users/mac/apache-maven-3.6.1/repository/org/springframework/cloud/spring-cloud-alibaba-nacos-config/0.9.0.RELEASE/spring-cloud-alibaba-nacos-config-0.9.0.RELEASE.jar:"/>
    <property name="java.vm.vendor" value="Oracle Corporation"/>
    <property name="sun.arch.data.model" value="64"/>
    <property name="java.vendor.url" value="http://java.oracle.com/"/>
    <property name="user.timezone" value=""/>
    <property name="java.vm.specification.version" value="1.8"/>
    <property name="os.name" value="Mac OS X"/>
    <property name="user.country" value="CN"/>
    <property name="sun.java.launcher" value="SUN_STANDARD"/>
    <property name="sun.boot.library.path" value="/Library/Java/JavaVirtualMachines/jdk1.8.0_201.jdk/Contents/Home/jre/lib"/>
    <property name="sun.java.command" value="/Users/mac/idea-workspace/springbucket/spring-nacos/target/surefire/surefirebooter7187145052916271142.jar /Users/mac/idea-workspace/springbucket/spring-nacos/target/surefire 2019-08-08T11-31-14_443-jvmRun1 surefire2634692731701916615tmp surefire_07813138079005424392tmp"/>
    <property name="surefire.test.class.path" value="/Users/mac/idea-workspace/springbucket/spring-nacos/target/test-classes:/Users/mac/idea-workspace/springbucket/spring-nacos/target/classes:/Users/mac/apache-maven-3.6.1/repository/org/springframework/boot/spring-boot-starter-web/2.1.6.RELEASE/spring-boot-starter-web-2.1.6.RELEASE.jar:/Users/mac/apache-maven-3.6.1/repository/org/springframework/boot/spring-boot-starter/2.1.6.RELEASE/spring-boot-starter-2.1.6.RELEASE.jar:/Users/mac/apache-maven-3.6.1/repository/org/springframework/boot/spring-boot/2.1.6.RELEASE/spring-boot-2.1.6.RELEASE.jar:/Users/mac/apache-maven-3.6.1/repository/org/springframework/boot/spring-boot-autoconfigure/2.1.6.RELEASE/spring-boot-autoconfigure-2.1.6.RELEASE.jar:/Users/mac/apache-maven-3.6.1/repository/org/springframework/boot/spring-boot-starter-logging/2.1.6.RELEASE/spring-boot-starter-logging-2.1.6.RELEASE.jar:/Users/mac/apache-maven-3.6.1/repository/ch/qos/logback/logback-classic/1.2.3/logback-classic-1.2.3.jar:/Users/mac/apache-maven-3.6.1/repository/ch/qos/logback/logback-core/1.2.3/logback-core-1.2.3.jar:/Users/mac/apache-maven-3.6.1/repository/org/apache/logging/log4j/log4j-to-slf4j/2.11.2/log4j-to-slf4j-2.11.2.jar:/Users/mac/apache-maven-3.6.1/repository/org/apache/logging/log4j/log4j-api/2.11.2/log4j-api-2.11.2.jar:/Users/mac/apache-maven-3.6.1/repository/org/slf4j/jul-to-slf4j/1.7.26/jul-to-slf4j-1.7.26.jar:/Users/mac/apache-maven-3.6.1/repository/javax/annotation/javax.annotation-api/1.3.2/javax.annotation-api-1.3.2.jar:/Users/mac/apache-maven-3.6.1/repository/org/yaml/snakeyaml/1.23/snakeyaml-1.23.jar:/Users/mac/apache-maven-3.6.1/repository/org/springframework/boot/spring-boot-starter-json/2.1.6.RELEASE/spring-boot-starter-json-2.1.6.RELEASE.jar:/Users/mac/apache-maven-3.6.1/repository/com/fasterxml/jackson/core/jackson-databind/2.9.9/jackson-databind-2.9.9.jar:/Users/mac/apache-maven-3.6.1/repository/com/fasterxml/jackson/core/jackson-annotations/2.9.0/jackson-annotations-2.9.0.jar:/Users/mac/apache-maven-3.6.1/repository/com/fasterxml/jackson/core/jackson-core/2.9.9/jackson-core-2.9.9.jar:/Users/mac/apache-maven-3.6.1/repository/com/fasterxml/jackson/datatype/jackson-datatype-jdk8/2.9.9/jackson-datatype-jdk8-2.9.9.jar:/Users/mac/apache-maven-3.6.1/repository/com/fasterxml/jackson/datatype/jackson-datatype-jsr310/2.9.9/jackson-datatype-jsr310-2.9.9.jar:/Users/mac/apache-maven-3.6.1/repository/com/fasterxml/jackson/module/jackson-module-parameter-names/2.9.9/jackson-module-parameter-names-2.9.9.jar:/Users/mac/apache-maven-3.6.1/repository/org/springframework/boot/spring-boot-starter-tomcat/2.1.6.RELEASE/spring-boot-starter-tomcat-2.1.6.RELEASE.jar:/Users/mac/apache-maven-3.6.1/repository/org/apache/tomcat/embed/tomcat-embed-core/9.0.21/tomcat-embed-core-9.0.21.jar:/Users/mac/apache-maven-3.6.1/repository/org/apache/tomcat/embed/tomcat-embed-el/9.0.21/tomcat-embed-el-9.0.21.jar:/Users/mac/apache-maven-3.6.1/repository/org/apache/tomcat/embed/tomcat-embed-websocket/9.0.21/tomcat-embed-websocket-9.0.21.jar:/Users/mac/apache-maven-3.6.1/repository/org/hibernate/validator/hibernate-validator/6.0.17.Final/hibernate-validator-6.0.17.Final.jar:/Users/mac/apache-maven-3.6.1/repository/javax/validation/validation-api/2.0.1.Final/validation-api-2.0.1.Final.jar:/Users/mac/apache-maven-3.6.1/repository/org/jboss/logging/jboss-logging/3.3.2.Final/jboss-logging-3.3.2.Final.jar:/Users/mac/apache-maven-3.6.1/repository/com/fasterxml/classmate/1.4.0/classmate-1.4.0.jar:/Users/mac/apache-maven-3.6.1/repository/org/springframework/spring-web/5.1.8.RELEASE/spring-web-5.1.8.RELEASE.jar:/Users/mac/apache-maven-3.6.1/repository/org/springframework/spring-beans/5.1.8.RELEASE/spring-beans-5.1.8.RELEASE.jar:/Users/mac/apache-maven-3.6.1/repository/org/springframework/spring-webmvc/5.1.8.RELEASE/spring-webmvc-5.1.8.RELEASE.jar:/Users/mac/apache-maven-3.6.1/repository/org/springframework/spring-aop/5.1.8.RELEASE/spring-aop-5.1.8.RELEASE.jar:/Users/mac/apache-maven-3.6.1/repository/org/springframework/spring-context/5.1.8.RELEASE/spring-context-5.1.8.RELEASE.jar:/Users/mac/apache-maven-3.6.1/repository/org/springframework/spring-expression/5.1.8.RELEASE/spring-expression-5.1.8.RELEASE.jar:/Users/mac/apache-maven-3.6.1/repository/org/projectlombok/lombok/1.18.8/lombok-1.18.8.jar:/Users/mac/apache-maven-3.6.1/repository/org/springframework/boot/spring-boot-starter-test/2.1.6.RELEASE/spring-boot-starter-test-2.1.6.RELEASE.jar:/Users/mac/apache-maven-3.6.1/repository/org/springframework/boot/spring-boot-test/2.1.6.RELEASE/spring-boot-test-2.1.6.RELEASE.jar:/Users/mac/apache-maven-3.6.1/repository/org/springframework/boot/spring-boot-test-autoconfigure/2.1.6.RELEASE/spring-boot-test-autoconfigure-2.1.6.RELEASE.jar:/Users/mac/apache-maven-3.6.1/repository/com/jayway/jsonpath/json-path/2.4.0/json-path-2.4.0.jar:/Users/mac/apache-maven-3.6.1/repository/net/minidev/json-smart/2.3/json-smart-2.3.jar:/Users/mac/apache-maven-3.6.1/repository/net/minidev/accessors-smart/1.2/accessors-smart-1.2.jar:/Users/mac/apache-maven-3.6.1/repository/org/ow2/asm/asm/5.0.4/asm-5.0.4.jar:/Users/mac/apache-maven-3.6.1/repository/org/slf4j/slf4j-api/1.7.26/slf4j-api-1.7.26.jar:/Users/mac/apache-maven-3.6.1/repository/junit/junit/4.12/junit-4.12.jar:/Users/mac/apache-maven-3.6.1/repository/org/assertj/assertj-core/3.11.1/assertj-core-3.11.1.jar:/Users/mac/apache-maven-3.6.1/repository/org/mockito/mockito-core/2.23.4/mockito-core-2.23.4.jar:/Users/mac/apache-maven-3.6.1/repository/net/bytebuddy/byte-buddy/1.9.13/byte-buddy-1.9.13.jar:/Users/mac/apache-maven-3.6.1/repository/net/bytebuddy/byte-buddy-agent/1.9.13/byte-buddy-agent-1.9.13.jar:/Users/mac/apache-maven-3.6.1/repository/org/objenesis/objenesis/2.6/objenesis-2.6.jar:/Users/mac/apache-maven-3.6.1/repository/org/hamcrest/hamcrest-core/1.3/hamcrest-core-1.3.jar:/Users/mac/apache-maven-3.6.1/repository/org/hamcrest/hamcrest-library/1.3/hamcrest-library-1.3.jar:/Users/mac/apache-maven-3.6.1/repository/org/skyscreamer/jsonassert/1.5.0/jsonassert-1.5.0.jar:/Users/mac/apache-maven-3.6.1/repository/com/vaadin/external/google/android-json/0.0.20131108.vaadin1/android-json-0.0.20131108.vaadin1.jar:/Users/mac/apache-maven-3.6.1/repository/org/springframework/spring-core/5.1.8.RELEASE/spring-core-5.1.8.RELEASE.jar:/Users/mac/apache-maven-3.6.1/repository/org/springframework/spring-jcl/5.1.8.RELEASE/spring-jcl-5.1.8.RELEASE.jar:/Users/mac/apache-maven-3.6.1/repository/org/springframework/spring-test/5.1.8.RELEASE/spring-test-5.1.8.RELEASE.jar:/Users/mac/apache-maven-3.6.1/repository/org/xmlunit/xmlunit-core/2.6.2/xmlunit-core-2.6.2.jar:/Users/mac/apache-maven-3.6.1/repository/org/springframework/cloud/spring-cloud-starter-alibaba-nacos-discovery/0.9.0.RELEASE/spring-cloud-starter-alibaba-nacos-discovery-0.9.0.RELEASE.jar:/Users/mac/apache-maven-3.6.1/repository/org/springframework/cloud/spring-cloud-alibaba-nacos-discovery/0.9.0.RELEASE/spring-cloud-alibaba-nacos-discovery-0.9.0.RELEASE.jar:/Users/mac/apache-maven-3.6.1/repository/com/alibaba/nacos/nacos-client/1.0.0/nacos-client-1.0.0.jar:/Users/mac/apache-maven-3.6.1/repository/com/alibaba/nacos/nacos-common/1.0.0/nacos-common-1.0.0.jar:/Users/mac/apache-maven-3.6.1/repository/commons-io/commons-io/2.2/commons-io-2.2.jar:/Users/mac/apache-maven-3.6.1/repository/org/apache/commons/commons-lang3/3.8.1/commons-lang3-3.8.1.jar:/Users/mac/apache-maven-3.6.1/repository/com/alibaba/nacos/nacos-api/1.0.0/nacos-api-1.0.0.jar:/Users/mac/apache-maven-3.6.1/repository/com/alibaba/fastjson/1.2.47/fastjson-1.2.47.jar:/Users/mac/apache-maven-3.6.1/repository/com/google/guava/guava/19.0/guava-19.0.jar:/Users/mac/apache-maven-3.6.1/repository/commons-codec/commons-codec/1.11/commons-codec-1.11.jar:/Users/mac/apache-maven-3.6.1/repository/io/prometheus/simpleclient/0.5.0/simpleclient-0.5.0.jar:/Users/mac/apache-maven-3.6.1/repository/org/springframework/cloud/spring-cloud-commons/2.1.2.RELEASE/spring-cloud-commons-2.1.2.RELEASE.jar:/Users/mac/apache-maven-3.6.1/repository/org/springframework/security/spring-security-crypto/5.1.5.RELEASE/spring-security-crypto-5.1.5.RELEASE.jar:/Users/mac/apache-maven-3.6.1/repository/org/springframework/cloud/spring-cloud-context/2.1.2.RELEASE/spring-cloud-context-2.1.2.RELEASE.jar:/Users/mac/apache-maven-3.6.1/repository/org/springframework/cloud/spring-cloud-starter-netflix-ribbon/2.1.2.RELEASE/spring-cloud-starter-netflix-ribbon-2.1.2.RELEASE.jar:/Users/mac/apache-maven-3.6.1/repository/org/springframework/cloud/spring-cloud-starter/2.1.2.RELEASE/spring-cloud-starter-2.1.2.RELEASE.jar:/Users/mac/apache-maven-3.6.1/repository/org/springframework/security/spring-security-rsa/1.0.7.RELEASE/spring-security-rsa-1.0.7.RELEASE.jar:/Users/mac/apache-maven-3.6.1/repository/org/bouncycastle/bcpkix-jdk15on/1.60/bcpkix-jdk15on-1.60.jar:/Users/mac/apache-maven-3.6.1/repository/org/bouncycastle/bcprov-jdk15on/1.60/bcprov-jdk15on-1.60.jar:/Users/mac/apache-maven-3.6.1/repository/org/springframework/cloud/spring-cloud-netflix-ribbon/2.1.2.RELEASE/spring-cloud-netflix-ribbon-2.1.2.RELEASE.jar:/Users/mac/apache-maven-3.6.1/repository/org/springframework/cloud/spring-cloud-netflix-archaius/2.1.2.RELEASE/spring-cloud-netflix-archaius-2.1.2.RELEASE.jar:/Users/mac/apache-maven-3.6.1/repository/org/springframework/cloud/spring-cloud-starter-netflix-archaius/2.1.2.RELEASE/spring-cloud-starter-netflix-archaius-2.1.2.RELEASE.jar:/Users/mac/apache-maven-3.6.1/repository/com/netflix/archaius/archaius-core/0.7.6/archaius-core-0.7.6.jar:/Users/mac/apache-maven-3.6.1/repository/com/google/code/findbugs/jsr305/3.0.1/jsr305-3.0.1.jar:/Users/mac/apache-maven-3.6.1/repository/commons-configuration/commons-configuration/1.8/commons-configuration-1.8.jar:/Users/mac/apache-maven-3.6.1/repository/com/netflix/ribbon/ribbon/2.3.0/ribbon-2.3.0.jar:/Users/mac/apache-maven-3.6.1/repository/com/netflix/ribbon/ribbon-transport/2.3.0/ribbon-transport-2.3.0.jar:/Users/mac/apache-maven-3.6.1/repository/io/reactivex/rxnetty-contexts/0.4.9/rxnetty-contexts-0.4.9.jar:/Users/mac/apache-maven-3.6.1/repository/io/reactivex/rxnetty-servo/0.4.9/rxnetty-servo-0.4.9.jar:/Users/mac/apache-maven-3.6.1/repository/com/netflix/hystrix/hystrix-core/1.5.18/hystrix-core-1.5.18.jar:/Users/mac/apache-maven-3.6.1/repository/org/hdrhistogram/HdrHistogram/2.1.9/HdrHistogram-2.1.9.jar:/Users/mac/apache-maven-3.6.1/repository/javax/inject/javax.inject/1/javax.inject-1.jar:/Users/mac/apache-maven-3.6.1/repository/io/reactivex/rxnetty/0.4.9/rxnetty-0.4.9.jar:/Users/mac/apache-maven-3.6.1/repository/com/netflix/ribbon/ribbon-core/2.3.0/ribbon-core-2.3.0.jar:/Users/mac/apache-maven-3.6.1/repository/commons-lang/commons-lang/2.6/commons-lang-2.6.jar:/Users/mac/apache-maven-3.6.1/repository/com/netflix/ribbon/ribbon-httpclient/2.3.0/ribbon-httpclient-2.3.0.jar:/Users/mac/apache-maven-3.6.1/repository/commons-collections/commons-collections/3.2.2/commons-collections-3.2.2.jar:/Users/mac/apache-maven-3.6.1/repository/org/apache/httpcomponents/httpclient/4.5.9/httpclient-4.5.9.jar:/Users/mac/apache-maven-3.6.1/repository/org/apache/httpcomponents/httpcore/4.4.11/httpcore-4.4.11.jar:/Users/mac/apache-maven-3.6.1/repository/com/sun/jersey/jersey-client/1.19.1/jersey-client-1.19.1.jar:/Users/mac/apache-maven-3.6.1/repository/com/sun/jersey/jersey-core/1.19.1/jersey-core-1.19.1.jar:/Users/mac/apache-maven-3.6.1/repository/javax/ws/rs/jsr311-api/1.1.1/jsr311-api-1.1.1.jar:/Users/mac/apache-maven-3.6.1/repository/com/sun/jersey/contribs/jersey-apache-client4/1.19.1/jersey-apache-client4-1.19.1.jar:/Users/mac/apache-maven-3.6.1/repository/com/netflix/servo/servo-core/0.12.21/servo-core-0.12.21.jar:/Users/mac/apache-maven-3.6.1/repository/com/netflix/netflix-commons/netflix-commons-util/0.3.0/netflix-commons-util-0.3.0.jar:/Users/mac/apache-maven-3.6.1/repository/com/netflix/ribbon/ribbon-loadbalancer/2.3.0/ribbon-loadbalancer-2.3.0.jar:/Users/mac/apache-maven-3.6.1/repository/com/netflix/netflix-commons/netflix-statistics/0.1.1/netflix-statistics-0.1.1.jar:/Users/mac/apache-maven-3.6.1/repository/io/reactivex/rxjava/1.3.8/rxjava-1.3.8.jar:/Users/mac/apache-maven-3.6.1/repository/org/springframework/cloud/spring-cloud-starter-alibaba-nacos-config/0.9.0.RELEASE/spring-cloud-starter-alibaba-nacos-config-0.9.0.RELEASE.jar:/Users/mac/apache-maven-3.6.1/repository/org/springframework/cloud/spring-cloud-alibaba-nacos-config/0.9.0.RELEASE/spring-cloud-alibaba-nacos-config-0.9.0.RELEASE.jar:"/>
    <property name="sun.cpu.endian" value="little"/>
    <property name="user.home" value="/Users/mac"/>
    <property name="user.language" value="zh"/>
    <property name="java.specification.vendor" value="Oracle Corporation"/>
    <property name="java.home" value="/Library/Java/JavaVirtualMachines/jdk1.8.0_201.jdk/Contents/Home/jre"/>
    <property name="basedir" value="/Users/mac/idea-workspace/springbucket/spring-nacos"/>
    <property name="file.separator" value="/"/>
    <property name="line.separator" value="&#10;"/>
    <property name="java.vm.specification.vendor" value="Oracle Corporation"/>
    <property name="java.specification.name" value="Java Platform API Specification"/>
    <property name="java.awt.graphicsenv" value="sun.awt.CGraphicsEnvironment"/>
    <property name="surefire.real.class.path" value="/Users/mac/idea-workspace/springbucket/spring-nacos/target/surefire/surefirebooter7187145052916271142.jar"/>
    <property name="sun.boot.class.path" value="/Library/Java/JavaVirtualMachines/jdk1.8.0_201.jdk/Contents/Home/jre/lib/resources.jar:/Library/Java/JavaVirtualMachines/jdk1.8.0_201.jdk/Contents/Home/jre/lib/rt.jar:/Library/Java/JavaVirtualMachines/jdk1.8.0_201.jdk/Contents/Home/jre/lib/sunrsasign.jar:/Library/Java/JavaVirtualMachines/jdk1.8.0_201.jdk/Contents/Home/jre/lib/jsse.jar:/Library/Java/JavaVirtualMachines/jdk1.8.0_201.jdk/Contents/Home/jre/lib/jce.jar:/Library/Java/JavaVirtualMachines/jdk1.8.0_201.jdk/Contents/Home/jre/lib/charsets.jar:/Library/Java/JavaVirtualMachines/jdk1.8.0_201.jdk/Contents/Home/jre/lib/jfr.jar:/Library/Java/JavaVirtualMachines/jdk1.8.0_201.jdk/Contents/Home/jre/classes"/>
    <property name="sun.management.compiler" value="HotSpot 64-Bit Tiered Compilers"/>
    <property name="java.runtime.version" value="1.8.0_201-b09"/>
    <property name="user.name" value="mac"/>
    <property name="path.separator" value=":"/>
    <property name="os.version" value="10.14.4"/>
    <property name="java.endorsed.dirs" value="/Library/Java/JavaVirtualMachines/jdk1.8.0_201.jdk/Contents/Home/jre/lib/endorsed"/>
    <property name="java.runtime.name" value="Java(TM) SE Runtime Environment"/>
    <property name="file.encoding" value="US-ASCII"/>
    <property name="java.vm.name" value="Java HotSpot(TM) 64-Bit Server VM"/>
    <property name="localRepository" value="/Users/mac/apache-maven-3.6.1/repository"/>
    <property name="java.vendor.url.bug" value="http://bugreport.sun.com/bugreport/"/>
    <property name="java.io.tmpdir" value="/var/folders/k8/4snrn7x13rvb7q4xzlfd94_h0000gn/T/"/>
    <property name="java.version" value="1.8.0_201"/>
    <property name="user.dir" value="/Users/mac/idea-workspace/springbucket/spring-nacos"/>
    <property name="os.arch" value="x86_64"/>
    <property name="java.vm.specification.name" value="Java Virtual Machine Specification"/>
    <property name="java.awt.printerjob" value="sun.lwawt.macosx.CPrinterJob"/>
    <property name="sun.os.patch.level" value="unknown"/>
    <property name="idea.version2019.1" value="true"/>
    <property name="java.library.path" value="/Users/mac/Library/Java/Extensions:/Library/Java/Extensions:/Network/Library/Java/Extensions:/System/Library/Java/Extensions:/usr/lib/java:."/>
    <property name="java.vm.info" value="mixed mode"/>
    <property name="java.vendor" value="Oracle Corporation"/>
    <property name="java.vm.version" value="25.201-b09"/>
    <property name="java.ext.dirs" value="/Users/mac/Library/Java/Extensions:/Library/Java/JavaVirtualMachines/jdk1.8.0_201.jdk/Contents/Home/jre/lib/ext:/Library/Java/Extensions:/Network/Library/Java/Extensions:/System/Library/Java/Extensions:/usr/lib/java"/>
    <property name="sun.io.unicode.encoding" value="UnicodeBig"/>
    <property name="maven.repo.local" value="/Users/mac/apache-maven-3.6.1/repository"/>
    <property name="java.class.version" value="52.0"/>
  </properties>
  <testcase name="contextLoads" classname="com.funnyx.SpringNacosApplicationTests" time="0.23"/>
</testsuite>